2023-07-06T12:00:17.611+0300	[34mINFO[0m	configs/config.go:47	Read Application Config
2023-07-06T12:00:17.613+0300	[31mERROR[0m	configs/config.go:55	open \config.yaml: The system cannot find the file specified.
Makhkets/internal/configs.GetConfig.func1
	C:/Users/makhkets/Desktop/makhkets/internal/configs/config.go:55
sync.(*Once).doSlow
	C:/Program Files/Go/src/sync/once.go:74
sync.(*Once).Do
	C:/Program Files/Go/src/sync/once.go:65
Makhkets/internal/configs.GetConfig
	C:/Users/makhkets/Desktop/makhkets/internal/configs/config.go:45
Makhkets/internal/user/service.TestGenerateAccessToken
	C:/Users/makhkets/Desktop/makhkets/internal/user/service/jwt_test.go:26
testing.tRunner
	C:/Program Files/Go/src/testing/testing.go:1576
2023-07-06T12:00:17.613+0300	[31mFATAL[0m	configs/config.go:56	
Makhkets/internal/configs.GetConfig.func1
	C:/Users/makhkets/Desktop/makhkets/internal/configs/config.go:56
sync.(*Once).doSlow
	C:/Program Files/Go/src/sync/once.go:74
sync.(*Once).Do
	C:/Program Files/Go/src/sync/once.go:65
Makhkets/internal/configs.GetConfig
	C:/Users/makhkets/Desktop/makhkets/internal/configs/config.go:45
Makhkets/internal/user/service.TestGenerateAccessToken
	C:/Users/makhkets/Desktop/makhkets/internal/user/service/jwt_test.go:26
testing.tRunner
	C:/Program Files/Go/src/testing/testing.go:1576
2023-07-06T12:00:44.806+0300	[34mINFO[0m	configs/config.go:47	Read Application Config
2023-07-06T12:00:44.806+0300	[34mINFO[0m	configs/config.go:52	
2023-07-06T12:00:44.806+0300	[31mERROR[0m	configs/config.go:55	open \config.yaml: The system cannot find the file specified.
Makhkets/internal/configs.GetConfig.func1
	C:/Users/makhkets/Desktop/makhkets/internal/configs/config.go:55
sync.(*Once).doSlow
	C:/Program Files/Go/src/sync/once.go:74
sync.(*Once).Do
	C:/Program Files/Go/src/sync/once.go:65
Makhkets/internal/configs.GetConfig
	C:/Users/makhkets/Desktop/makhkets/internal/configs/config.go:45
Makhkets/internal/user/service.TestGenerateAccessToken
	C:/Users/makhkets/Desktop/makhkets/internal/user/service/jwt_test.go:26
testing.tRunner
	C:/Program Files/Go/src/testing/testing.go:1576
2023-07-06T12:00:44.806+0300	[31mFATAL[0m	configs/config.go:56	
Makhkets/internal/configs.GetConfig.func1
	C:/Users/makhkets/Desktop/makhkets/internal/configs/config.go:56
sync.(*Once).doSlow
	C:/Program Files/Go/src/sync/once.go:74
sync.(*Once).Do
	C:/Program Files/Go/src/sync/once.go:65
Makhkets/internal/configs.GetConfig
	C:/Users/makhkets/Desktop/makhkets/internal/configs/config.go:45
Makhkets/internal/user/service.TestGenerateAccessToken
	C:/Users/makhkets/Desktop/makhkets/internal/user/service/jwt_test.go:26
testing.tRunner
	C:/Program Files/Go/src/testing/testing.go:1576
2023-07-06T12:01:10.574+0300	[34mINFO[0m	configs/config.go:47	Read Application Config
2023-07-06T12:01:10.575+0300	[34mINFO[0m	configs/config.go:52	C:\Users\makhkets\Desktop\makhkets
2023-07-06T12:02:42.561+0300	[34mINFO[0m	configs/config.go:47	Read Application Config
2023-07-06T12:25:30.166+0300	[34mINFO[0m	configs/config.go:47	Read Application Config
2023-07-06T12:28:33.542+0300	[34mINFO[0m	configs/config.go:47	Read Application Config
2023-07-06T15:57:33.947+0300	[34mINFO[0m	configs/config.go:47	Read Application Config
2023-07-06T15:59:45.126+0300	[34mINFO[0m	configs/config.go:47	Read Application Config
2023-07-06T16:01:38.782+0300	[34mINFO[0m	configs/config.go:47	Read Application Config
2023-07-06T16:05:35.084+0300	[34mINFO[0m	configs/config.go:47	Read Application Config
2023-07-06T16:17:56.765+0300	[34mINFO[0m	configs/config.go:47	Read Application Config
2023-07-06T16:19:05.360+0300	[34mINFO[0m	configs/config.go:47	Read Application Config
2023-07-06T16:21:31.224+0300	[34mINFO[0m	configs/config.go:47	Read Application Config
2023-07-06T16:26:17.272+0300	[34mINFO[0m	configs/config.go:47	Read Application Config
2023-07-06T16:38:01.344+0300	[34mINFO[0m	configs/config.go:47	Read Application Config
2023-07-06T16:38:14.145+0300	[34mINFO[0m	configs/config.go:47	Read Application Config
2023-07-06T16:42:54.006+0300	[34mINFO[0m	configs/config.go:47	Read Application Config
2023-07-06T16:44:20.866+0300	[34mINFO[0m	configs/config.go:47	Read Application Config
2023-07-06T16:44:32.744+0300	[34mINFO[0m	configs/config.go:47	Read Application Config
2023-07-06T16:45:31.596+0300	[34mINFO[0m	configs/config.go:47	Read Application Config
2023-07-06T16:45:45.256+0300	[34mINFO[0m	configs/config.go:47	Read Application Config
2023-07-06T16:46:32.412+0300	[34mINFO[0m	configs/config.go:47	Read Application Config
2023-07-06T16:47:44.573+0300	[34mINFO[0m	configs/config.go:47	Read Application Config
2023-07-06T16:50:22.685+0300	[34mINFO[0m	configs/config.go:47	Read Application Config
2023-07-06T16:51:02.016+0300	[34mINFO[0m	configs/config.go:47	Read Application Config
2023-07-06T16:51:12.102+0300	[34mINFO[0m	configs/config.go:47	Read Application Config
2023-07-06T16:56:33.478+0300	[34mINFO[0m	configs/config.go:47	Read Application Config
2023-07-06T16:59:23.081+0300	[34mINFO[0m	configs/config.go:47	Read Application Config
2023-07-06T17:03:13.007+0300	[34mINFO[0m	configs/config.go:47	Read Application Config
2023-07-06T17:04:00.405+0300	[34mINFO[0m	configs/config.go:47	Read Application Config
2023-07-06T17:04:38.155+0300	[34mINFO[0m	configs/config.go:47	Read Application Config
2023-07-06T17:21:02.150+0300	[34mINFO[0m	configs/config.go:47	Read Application Config
2023-07-06T17:22:34.859+0300	[34mINFO[0m	configs/config.go:47	Read Application Config
2023-07-06T17:23:33.390+0300	[34mINFO[0m	configs/config.go:47	Read Application Config
2023-07-06T17:23:42.151+0300	[34mINFO[0m	configs/config.go:47	Read Application Config
2023-07-06T22:04:26.156+0300	[34mINFO[0m	configs/config.go:47	Read Application Config
