2023-06-16T20:34:25.683+0300	[34mINFO[0m	api/server.go:23	Initialize Logger
2023-06-16T20:34:25.684+0300	[34mINFO[0m	api/server.go:25	Get Config
2023-06-16T20:34:25.684+0300	[34mINFO[0m	configs/config.go:46	Read Application Config
2023-06-16T20:34:25.685+0300	[34mINFO[0m	api/server.go:28	Initialize Databases
2023-06-16T20:34:26.155+0300	[35mDEBUG[0m	api/server.go:39	Listening this host: http://localhost:8000
2023-06-16T20:36:21.479+0300	[35mDEBUG[0m	repository/sql.go:149	SQL Query: SELECT id, username, password, created_at, updated_at, status, is_banned FROM users WHERE username=$1 AND password=$2
2023-06-16T20:36:21.527+0300	[34mINFO[0m	user/handler.go:149	Successfully Login in Account
2023-06-16T20:38:30.516+0300	[34mINFO[0m	api/server.go:23	Initialize Logger
2023-06-16T20:38:30.517+0300	[34mINFO[0m	api/server.go:25	Get Config
2023-06-16T20:38:30.517+0300	[34mINFO[0m	configs/config.go:46	Read Application Config
2023-06-16T20:38:30.519+0300	[34mINFO[0m	api/server.go:28	Initialize Databases
2023-06-16T20:38:30.975+0300	[35mDEBUG[0m	api/server.go:39	Listening this host: http://localhost:8000
2023-06-16T20:38:35.247+0300	[35mDEBUG[0m	repository/sql.go:149	SQL Query: SELECT id, username, password, created_at, updated_at, status, is_banned FROM users WHERE username=$1 AND password=$2
2023-06-16T20:38:35.252+0300	[34mINFO[0m	user/handler.go:149	Successfully Login in Account
2023-06-16T20:38:51.101+0300	[35mDEBUG[0m	repository/sql.go:149	SQL Query: SELECT id, username, password, created_at, updated_at, status, is_banned FROM users WHERE username=$1 AND password=$2
2023-06-16T20:38:51.106+0300	[34mINFO[0m	user/handler.go:149	Successfully Login in Account
2023-06-17T11:20:22.933+0300	[34mINFO[0m	api/server.go:23	Initialize Logger
2023-06-17T11:20:22.935+0300	[34mINFO[0m	api/server.go:25	Get Config
2023-06-17T11:20:22.935+0300	[34mINFO[0m	configs/config.go:46	Read Application Config
2023-06-17T11:20:22.936+0300	[34mINFO[0m	api/server.go:28	Initialize Databases
2023-06-17T11:20:23.450+0300	[35mDEBUG[0m	api/server.go:39	Listening this host: http://localhost:8000
2023-06-17T11:20:58.542+0300	[35mDEBUG[0m	repository/sql.go:159	SQL Query: SELECT id, username, password, created_at, updated_at, status, is_banned FROM users WHERE username=$1 AND password=$2
2023-06-17T11:20:58.592+0300	[34mINFO[0m	user/handler.go:149	Successfully Login in Account
2023-06-17T11:21:33.740+0300	[35mDEBUG[0m	repository/sql.go:159	SQL Query: SELECT id, username, password, created_at, updated_at, status, is_banned FROM users WHERE username=$1 AND password=$2
2023-06-17T11:21:33.744+0300	[34mINFO[0m	user/handler.go:149	Successfully Login in Account
2023-06-17T11:25:27.324+0300	[35mDEBUG[0m	repository/sql.go:159	SQL Query: SELECT id, username, password, created_at, updated_at, status, is_banned FROM users WHERE username=$1 AND password=$2
2023-06-17T11:25:27.335+0300	[34mINFO[0m	user/handler.go:149	Successfully Login in Account
2023-06-17T11:25:51.828+0300	[35mDEBUG[0m	repository/sql.go:159	SQL Query: SELECT id, username, password, created_at, updated_at, status, is_banned FROM users WHERE username=$1 AND password=$2
2023-06-17T11:25:51.836+0300	[34mINFO[0m	user/handler.go:149	Successfully Login in Account
2023-06-17T12:59:06.122+0300	[34mINFO[0m	api/server.go:23	Initialize Logger
2023-06-17T12:59:06.123+0300	[34mINFO[0m	api/server.go:25	Get Config
2023-06-17T12:59:06.123+0300	[34mINFO[0m	configs/config.go:46	Read Application Config
2023-06-17T12:59:06.124+0300	[34mINFO[0m	api/server.go:28	Initialize Databases
2023-06-17T12:59:06.564+0300	[35mDEBUG[0m	api/server.go:39	Listening this host: http://localhost:8000
2023-06-17T13:01:34.971+0300	[35mDEBUG[0m	repository/sql.go:172	SQL Query: SELECT id, username, password, created_at, updated_at, status, is_banned FROM users WHERE username=$1 AND password=$2
2023-06-17T13:01:35.005+0300	[34mINFO[0m	user/handler.go:149	Successfully Login in Account
2023-06-17T13:01:48.387+0300	[34mINFO[0m	errors/error.go:18	token is malformed: could not base64 decode header: illegal base64 data at input byte 0	{"field": "218", "file": "C:/Users/makhkets/GolandProjects/Makhkets/internal/user/service/service.go"}
2023-06-17T13:02:11.412+0300	[34mINFO[0m	errors/error.go:18	WRONGTYPE Operation against a key holding the wrong kind of value	{"field": "435", "file": "C:/Users/makhkets/GolandProjects/Makhkets/internal/user/service/service.go"}
2023-06-17T13:03:04.025+0300	[34mINFO[0m	errors/error.go:18	WRONGTYPE Operation against a key holding the wrong kind of value	{"field": "435", "file": "C:/Users/makhkets/GolandProjects/Makhkets/internal/user/service/service.go"}
2023-06-17T13:03:08.285+0300	[35mDEBUG[0m	repository/sql.go:172	SQL Query: SELECT id, username, password, created_at, updated_at, status, is_banned FROM users WHERE username=$1 AND password=$2
2023-06-17T13:03:08.291+0300	[34mINFO[0m	user/handler.go:149	Successfully Login in Account
2023-06-17T13:03:15.480+0300	[34mINFO[0m	errors/error.go:18	WRONGTYPE Operation against a key holding the wrong kind of value	{"field": "435", "file": "C:/Users/makhkets/GolandProjects/Makhkets/internal/user/service/service.go"}
2023-06-17T13:04:24.901+0300	[34mINFO[0m	api/server.go:23	Initialize Logger
2023-06-17T13:04:24.902+0300	[34mINFO[0m	api/server.go:25	Get Config
2023-06-17T13:04:24.902+0300	[34mINFO[0m	configs/config.go:46	Read Application Config
2023-06-17T13:04:24.903+0300	[34mINFO[0m	api/server.go:28	Initialize Databases
2023-06-17T13:04:25.327+0300	[35mDEBUG[0m	api/server.go:39	Listening this host: http://localhost:8000
2023-06-17T13:04:25.941+0300	[34mINFO[0m	errors/error.go:18	WRONGTYPE Operation against a key holding the wrong kind of value	{"field": "435", "file": "C:/Users/makhkets/GolandProjects/Makhkets/internal/user/service/service.go"}
2023-06-17T13:06:58.214+0300	[34mINFO[0m	api/server.go:23	Initialize Logger
2023-06-17T13:06:58.214+0300	[34mINFO[0m	api/server.go:25	Get Config
2023-06-17T13:06:58.214+0300	[34mINFO[0m	configs/config.go:46	Read Application Config
2023-06-17T13:06:58.216+0300	[34mINFO[0m	api/server.go:28	Initialize Databases
2023-06-17T13:06:58.669+0300	[35mDEBUG[0m	api/server.go:39	Listening this host: http://localhost:8000
2023-06-17T13:07:00.555+0300	[34mINFO[0m	errors/error.go:18	WRONGTYPE Operation against a key holding the wrong kind of value	{"field": "435", "file": "C:/Users/makhkets/GolandProjects/Makhkets/internal/user/service/service.go"}
2023-06-17T13:07:03.421+0300	[34mINFO[0m	errors/error.go:18	WRONGTYPE Operation against a key holding the wrong kind of value	{"field": "435", "file": "C:/Users/makhkets/GolandProjects/Makhkets/internal/user/service/service.go"}
2023-06-17T13:07:19.831+0300	[34mINFO[0m	api/server.go:23	Initialize Logger
2023-06-17T13:07:19.832+0300	[34mINFO[0m	api/server.go:25	Get Config
2023-06-17T13:07:19.832+0300	[34mINFO[0m	configs/config.go:46	Read Application Config
2023-06-17T13:07:19.833+0300	[34mINFO[0m	api/server.go:28	Initialize Databases
2023-06-17T13:07:20.257+0300	[35mDEBUG[0m	api/server.go:39	Listening this host: http://localhost:8000
2023-06-17T13:09:21.465+0300	[34mINFO[0m	api/server.go:23	Initialize Logger
2023-06-17T13:09:21.466+0300	[34mINFO[0m	api/server.go:25	Get Config
2023-06-17T13:09:21.467+0300	[34mINFO[0m	configs/config.go:46	Read Application Config
2023-06-17T13:09:21.467+0300	[34mINFO[0m	api/server.go:28	Initialize Databases
2023-06-17T13:09:22.032+0300	[35mDEBUG[0m	api/server.go:39	Listening this host: http://localhost:8000
2023-06-17T13:11:22.103+0300	[34mINFO[0m	errors/error.go:18	WRONGTYPE Operation against a key holding the wrong kind of value	{"field": "435", "file": "C:/Users/makhkets/GolandProjects/Makhkets/internal/user/service/service.go"}
2023-06-17T13:12:14.885+0300	[34mINFO[0m	api/server.go:23	Initialize Logger
2023-06-17T13:12:14.885+0300	[34mINFO[0m	api/server.go:25	Get Config
2023-06-17T13:12:14.885+0300	[34mINFO[0m	configs/config.go:46	Read Application Config
2023-06-17T13:12:14.886+0300	[34mINFO[0m	api/server.go:28	Initialize Databases
2023-06-17T13:12:15.316+0300	[35mDEBUG[0m	api/server.go:39	Listening this host: http://localhost:8000
2023-06-17T13:12:18.099+0300	[34mINFO[0m	errors/error.go:18	WRONGTYPE Operation against a key holding the wrong kind of value	{"field": "435", "file": "C:/Users/makhkets/GolandProjects/Makhkets/internal/user/service/service.go"}
2023-06-17T13:16:23.994+0300	[34mINFO[0m	api/server.go:23	Initialize Logger
2023-06-17T13:16:23.994+0300	[34mINFO[0m	api/server.go:25	Get Config
2023-06-17T13:16:23.995+0300	[34mINFO[0m	configs/config.go:46	Read Application Config
2023-06-17T13:16:23.996+0300	[34mINFO[0m	api/server.go:28	Initialize Databases
2023-06-17T13:16:24.440+0300	[35mDEBUG[0m	api/server.go:39	Listening this host: http://localhost:8000
2023-06-17T13:16:31.914+0300	[35mDEBUG[0m	repository/sql.go:171	SQL Query: SELECT id, username, password, created_at, updated_at, status, is_banned FROM users WHERE username=$1 AND password=$2
2023-06-17T13:16:31.924+0300	[34mINFO[0m	user/handler.go:149	Successfully Login in Account
2023-06-17T13:18:51.906+0300	[34mINFO[0m	errors/error.go:18	WRONGTYPE Operation against a key holding the wrong kind of value	{"field": "435", "file": "C:/Users/makhkets/GolandProjects/Makhkets/internal/user/service/service.go"}
2023-06-17T13:19:44.120+0300	[34mINFO[0m	api/server.go:23	Initialize Logger
2023-06-17T13:19:44.120+0300	[34mINFO[0m	api/server.go:25	Get Config
2023-06-17T13:19:44.120+0300	[34mINFO[0m	configs/config.go:46	Read Application Config
2023-06-17T13:19:44.121+0300	[34mINFO[0m	api/server.go:28	Initialize Databases
2023-06-17T13:19:44.564+0300	[35mDEBUG[0m	api/server.go:39	Listening this host: http://localhost:8000
2023-06-17T13:19:49.422+0300	[34mINFO[0m	errors/error.go:18	WRONGTYPE Operation against a key holding the wrong kind of value	{"field": "435", "file": "C:/Users/makhkets/GolandProjects/Makhkets/internal/user/service/service.go"}
2023-06-17T13:21:11.031+0300	[34mINFO[0m	api/server.go:23	Initialize Logger
2023-06-17T13:21:11.033+0300	[34mINFO[0m	api/server.go:25	Get Config
2023-06-17T13:21:11.033+0300	[34mINFO[0m	configs/config.go:46	Read Application Config
2023-06-17T13:21:11.033+0300	[34mINFO[0m	api/server.go:28	Initialize Databases
2023-06-17T13:21:11.469+0300	[35mDEBUG[0m	api/server.go:39	Listening this host: http://localhost:8000
2023-06-17T13:21:21.935+0300	[34mINFO[0m	errors/error.go:18	WRONGTYPE Operation against a key holding the wrong kind of value	{"field": "435", "file": "C:/Users/makhkets/GolandProjects/Makhkets/internal/user/service/service.go"}
2023-06-17T13:23:48.591+0300	[34mINFO[0m	api/server.go:23	Initialize Logger
2023-06-17T13:23:48.592+0300	[34mINFO[0m	api/server.go:25	Get Config
2023-06-17T13:23:48.592+0300	[34mINFO[0m	configs/config.go:46	Read Application Config
2023-06-17T13:23:48.593+0300	[34mINFO[0m	api/server.go:28	Initialize Databases
2023-06-17T13:23:49.026+0300	[35mDEBUG[0m	api/server.go:39	Listening this host: http://localhost:8000
2023-06-17T13:24:01.036+0300	[34mINFO[0m	errors/error.go:18	invalid character 'c' looking for beginning of value	{"field": "435", "file": "C:/Users/makhkets/GolandProjects/Makhkets/internal/user/service/service.go"}
2023-06-17T13:39:56.775+0300	[34mINFO[0m	errors/error.go:18	invalid character 'c' looking for beginning of value	{"field": "435", "file": "C:/Users/makhkets/GolandProjects/Makhkets/internal/user/service/service.go"}
2023-06-17T13:40:09.880+0300	[34mINFO[0m	api/server.go:23	Initialize Logger
2023-06-17T13:40:09.883+0300	[34mINFO[0m	api/server.go:25	Get Config
2023-06-17T13:40:09.883+0300	[34mINFO[0m	configs/config.go:46	Read Application Config
2023-06-17T13:40:09.884+0300	[34mINFO[0m	api/server.go:28	Initialize Databases
2023-06-17T13:40:10.490+0300	[35mDEBUG[0m	api/server.go:39	Listening this host: http://localhost:8000
2023-06-17T13:40:22.958+0300	[35mDEBUG[0m	repository/sql.go:165	SQL Query: SELECT id, username, password, created_at, updated_at, status, is_banned FROM users WHERE username=$1 AND password=$2
2023-06-17T13:40:22.964+0300	[34mINFO[0m	user/handler.go:149	Successfully Login in Account
2023-06-17T13:40:37.136+0300	[34mINFO[0m	errors/error.go:18	WRONGTYPE Operation against a key holding the wrong kind of value	{"field": "435", "file": "C:/Users/makhkets/GolandProjects/Makhkets/internal/user/service/service.go"}
2023-06-17T13:42:53.296+0300	[34mINFO[0m	errors/error.go:18	WRONGTYPE Operation against a key holding the wrong kind of value	{"field": "435", "file": "C:/Users/makhkets/GolandProjects/Makhkets/internal/user/service/service.go"}
2023-06-17T15:12:31.977+0300	[34mINFO[0m	errors/error.go:18	WRONGTYPE Operation against a key holding the wrong kind of value	{"field": "435", "file": "C:/Users/makhkets/GolandProjects/Makhkets/internal/user/service/service.go"}
2023-06-17T15:21:32.606+0300	[34mINFO[0m	api/server.go:23	Initialize Logger
2023-06-17T15:21:32.607+0300	[34mINFO[0m	api/server.go:25	Get Config
2023-06-17T15:21:32.607+0300	[34mINFO[0m	configs/config.go:46	Read Application Config
2023-06-17T15:21:32.608+0300	[34mINFO[0m	api/server.go:28	Initialize Databases
2023-06-17T15:21:33.063+0300	[35mDEBUG[0m	api/server.go:39	Listening this host: http://localhost:8000
2023-06-17T15:21:47.601+0300	[34mINFO[0m	api/server.go:23	Initialize Logger
2023-06-17T15:21:47.602+0300	[34mINFO[0m	api/server.go:25	Get Config
2023-06-17T15:21:47.602+0300	[34mINFO[0m	configs/config.go:46	Read Application Config
2023-06-17T15:21:47.603+0300	[34mINFO[0m	api/server.go:28	Initialize Databases
2023-06-17T15:21:48.166+0300	[35mDEBUG[0m	api/server.go:39	Listening this host: http://localhost:8000
2023-06-17T15:25:35.660+0300	[34mINFO[0m	api/server.go:23	Initialize Logger
2023-06-17T15:25:35.662+0300	[34mINFO[0m	api/server.go:25	Get Config
2023-06-17T15:25:35.663+0300	[34mINFO[0m	configs/config.go:46	Read Application Config
2023-06-17T15:25:35.664+0300	[34mINFO[0m	api/server.go:28	Initialize Databases
2023-06-17T15:25:36.104+0300	[35mDEBUG[0m	api/server.go:39	Listening this host: http://localhost:8000
2023-06-17T15:27:26.204+0300	[34mINFO[0m	errors/error.go:18	redis: ScanSlice index=0 value="c0b3205dc1e4f4907dac402562df64f945b08034019e96bb720c6a69cd64bcfc" failed: redis: can't unmarshal *interface {} (consider implementing BinaryUnmarshaler)	{"field": "435", "file": "C:/Users/makhkets/GolandProjects/Makhkets/internal/user/service/service.go"}
2023-06-17T15:29:34.039+0300	[34mINFO[0m	api/server.go:23	Initialize Logger
2023-06-17T15:29:34.041+0300	[34mINFO[0m	api/server.go:25	Get Config
2023-06-17T15:29:34.041+0300	[34mINFO[0m	configs/config.go:46	Read Application Config
2023-06-17T15:29:34.041+0300	[34mINFO[0m	api/server.go:28	Initialize Databases
2023-06-17T15:29:34.659+0300	[35mDEBUG[0m	api/server.go:39	Listening this host: http://localhost:8000
2023-06-17T15:33:19.704+0300	[34mINFO[0m	api/server.go:23	Initialize Logger
2023-06-17T15:33:19.705+0300	[34mINFO[0m	api/server.go:25	Get Config
2023-06-17T15:33:19.705+0300	[34mINFO[0m	configs/config.go:46	Read Application Config
2023-06-17T15:33:19.706+0300	[34mINFO[0m	api/server.go:28	Initialize Databases
2023-06-17T15:33:20.141+0300	[35mDEBUG[0m	api/server.go:39	Listening this host: http://localhost:8000
2023-06-17T15:33:43.642+0300	[34mINFO[0m	api/server.go:23	Initialize Logger
2023-06-17T15:33:43.643+0300	[34mINFO[0m	api/server.go:25	Get Config
2023-06-17T15:33:43.643+0300	[34mINFO[0m	configs/config.go:46	Read Application Config
2023-06-17T15:33:43.644+0300	[34mINFO[0m	api/server.go:28	Initialize Databases
2023-06-17T15:33:44.183+0300	[35mDEBUG[0m	api/server.go:39	Listening this host: http://localhost:8000
2023-06-17T15:34:02.636+0300	[34mINFO[0m	api/server.go:23	Initialize Logger
2023-06-17T15:34:02.636+0300	[34mINFO[0m	api/server.go:25	Get Config
2023-06-17T15:34:02.637+0300	[34mINFO[0m	configs/config.go:46	Read Application Config
2023-06-17T15:34:02.638+0300	[34mINFO[0m	api/server.go:28	Initialize Databases
2023-06-17T15:34:03.073+0300	[35mDEBUG[0m	api/server.go:39	Listening this host: http://localhost:8000
2023-06-17T15:35:01.400+0300	[34mINFO[0m	api/server.go:23	Initialize Logger
2023-06-17T15:35:01.401+0300	[34mINFO[0m	api/server.go:25	Get Config
2023-06-17T15:35:01.401+0300	[34mINFO[0m	configs/config.go:46	Read Application Config
2023-06-17T15:35:01.402+0300	[34mINFO[0m	api/server.go:28	Initialize Databases
2023-06-17T15:35:01.832+0300	[35mDEBUG[0m	api/server.go:39	Listening this host: http://localhost:8000
2023-06-17T15:44:51.020+0300	[34mINFO[0m	api/server.go:23	Initialize Logger
2023-06-17T15:44:51.020+0300	[34mINFO[0m	api/server.go:25	Get Config
2023-06-17T15:44:51.020+0300	[34mINFO[0m	configs/config.go:46	Read Application Config
2023-06-17T15:44:51.023+0300	[34mINFO[0m	api/server.go:28	Initialize Databases
2023-06-17T15:44:51.445+0300	[35mDEBUG[0m	api/server.go:39	Listening this host: http://localhost:8000
2023-06-17T15:51:03.801+0300	[34mINFO[0m	api/server.go:23	Initialize Logger
2023-06-17T15:51:03.802+0300	[34mINFO[0m	api/server.go:25	Get Config
2023-06-17T15:51:03.802+0300	[34mINFO[0m	configs/config.go:46	Read Application Config
2023-06-17T15:51:03.804+0300	[34mINFO[0m	api/server.go:28	Initialize Databases
2023-06-17T15:51:04.373+0300	[35mDEBUG[0m	api/server.go:39	Listening this host: http://localhost:8000
2023-06-17T15:51:51.531+0300	[35mDEBUG[0m	repository/sql.go:174	SQL Query: SELECT id, username, password, created_at, updated_at, status, is_banned FROM users WHERE username=$1 AND password=$2
2023-06-17T15:51:51.541+0300	[34mINFO[0m	user/handler.go:149	Successfully Login in Account
2023-06-17T15:52:01.619+0300	[34mINFO[0m	api/server.go:23	Initialize Logger
2023-06-17T15:52:01.621+0300	[34mINFO[0m	api/server.go:25	Get Config
2023-06-17T15:52:01.621+0300	[34mINFO[0m	configs/config.go:46	Read Application Config
2023-06-17T15:52:01.621+0300	[34mINFO[0m	api/server.go:28	Initialize Databases
2023-06-17T15:52:02.053+0300	[35mDEBUG[0m	api/server.go:39	Listening this host: http://localhost:8000
2023-06-17T15:56:59.554+0300	[34mINFO[0m	api/server.go:23	Initialize Logger
2023-06-17T15:56:59.555+0300	[34mINFO[0m	api/server.go:25	Get Config
2023-06-17T15:56:59.555+0300	[34mINFO[0m	configs/config.go:46	Read Application Config
2023-06-17T15:56:59.555+0300	[34mINFO[0m	api/server.go:28	Initialize Databases
2023-06-17T15:57:00.003+0300	[35mDEBUG[0m	api/server.go:39	Listening this host: http://localhost:8000
