2023-05-26T11:42:14.427+0300	[34mINFO[0m	api/main.go:22	Initialize Logger
2023-05-26T11:42:14.428+0300	[34mINFO[0m	api/main.go:24	Get Config
2023-05-26T11:42:14.429+0300	[34mINFO[0m	configs/config.go:39	Read Application Config
2023-05-26T11:42:14.430+0300	[31mFATAL[0m	configs/config.go:43	
Makhkets/internal/configs.GetConfig.func1
	C:/Users/makhkets/GolandProjects/Makhkets/internal/configs/config.go:43
sync.(*Once).doSlow
	C:/Program Files/Go/src/sync/once.go:74
sync.(*Once).Do
	C:/Program Files/Go/src/sync/once.go:65
Makhkets/internal/configs.GetConfig
	C:/Users/makhkets/GolandProjects/Makhkets/internal/configs/config.go:37
main.run
	C:/Users/makhkets/GolandProjects/Makhkets/cmd/api/main.go:25
main.main
	C:/Users/makhkets/GolandProjects/Makhkets/cmd/api/main.go:15
runtime.main
	C:/Program Files/Go/src/runtime/proc.go:250
2023-05-26T11:42:21.288+0300	[34mINFO[0m	api/main.go:22	Initialize Logger
2023-05-26T11:42:21.289+0300	[34mINFO[0m	api/main.go:24	Get Config
2023-05-26T11:42:21.289+0300	[34mINFO[0m	configs/config.go:39	Read Application Config
2023-05-26T11:42:21.290+0300	[31mFATAL[0m	configs/config.go:43	
Makhkets/internal/configs.GetConfig.func1
	C:/Users/makhkets/GolandProjects/Makhkets/internal/configs/config.go:43
sync.(*Once).doSlow
	C:/Program Files/Go/src/sync/once.go:74
sync.(*Once).Do
	C:/Program Files/Go/src/sync/once.go:65
Makhkets/internal/configs.GetConfig
	C:/Users/makhkets/GolandProjects/Makhkets/internal/configs/config.go:37
main.run
	C:/Users/makhkets/GolandProjects/Makhkets/cmd/api/main.go:25
main.main
	C:/Users/makhkets/GolandProjects/Makhkets/cmd/api/main.go:15
runtime.main
	C:/Program Files/Go/src/runtime/proc.go:250
